[18:43:37] [main/INFO]: Loading Minecraft 1.21.4 with Fabric Loader 0.16.10
[18:43:37] [main/WARN]: Warnings were found!
 - Mod 'OptiGUI' (optigui) 2.3.0-beta.7+1.21.2 recommends any version of animatica, which is missing!
	 - You should install any version of animatica for the optimal experience.
[18:43:37] [main/INFO]: Loading 137 mods:
	- bettergrass 1.4.4+fabric.1.21.4
	   \-- blue_endless_jankson 1.2.3
	- bettermounthud 1.2.5
	- capes 1.5.4+1.21.4
	- cloth-config 17.0.144
	   \-- cloth-basic-math 0.6.1
	- continuity 3.0.0+1.21.4
	- controlify 2.0.2+1.21.4-fabric
	   \-- mixinextras 0.5.0-beta.4
	- cubes-without-borders 3.0.0+mc1.21.3
	- debugify 1.21.4+1.1
	- dynamic_fps 3.7.7
	   \-- net_lostluma_battery 1.3.0
	- e4mc_minecraft 5.2.1
	   \-- folk_sisby_kaleido-config 0.3.1+1.3.1
	- enhancedblockentities 0.11.3+1.21.4
	- entity_model_features 2.4.1
	- entity_texture_features 6.2.10
	   \-- org_apache_httpcomponents_httpmime 4.5.10
	- entityculling 1.7.2
	- fabric-api 0.115.1+1.21.4
	   |-- fabric-api-base 0.4.54+b47eab6b04
	   |-- fabric-api-lookup-api-v1 1.6.86+b1caf1e904
	   |-- fabric-biome-api-v1 15.0.6+b1c29d8e04
	   |-- fabric-block-api-v1 1.0.31+7feeb73304
	   |-- fabric-block-view-api-v2 1.0.19+7feeb73304
	   |-- fabric-blockrenderlayer-v1 2.0.8+7feeb73304
	   |-- fabric-client-tags-api-v1 1.1.29+20ea1e2304
	   |-- fabric-command-api-v1 1.2.62+f71b366f04
	   |-- fabric-command-api-v2 2.2.41+e496eb1504
	   |-- fabric-commands-v0 0.2.79+df3654b304
	   |-- fabric-content-registries-v0 9.1.17+7feeb73304
	   |-- fabric-convention-tags-v1 2.1.15+7f945d5b04
	   |-- fabric-convention-tags-v2 2.12.1+e359e31604
	   |-- fabric-crash-report-info-v1 0.3.6+7feeb73304
	   |-- fabric-data-attachment-api-v1 1.5.2+2d7e411e04
	   |-- fabric-data-generation-api-v1 22.2.9+20ea1e2304
	   |-- fabric-dimensions-v1 4.0.10+7feeb73304
	   |-- fabric-entity-events-v1 2.0.13+1934821104
	   |-- fabric-events-interaction-v0 4.0.3+a4eebcf004
	   |-- fabric-game-rule-api-v1 1.0.63+7d48d43904
	   |-- fabric-item-api-v1 11.1.17+203e6b2304
	   |-- fabric-item-group-api-v1 4.1.26+9a56a7cd04
	   |-- fabric-key-binding-api-v1 1.0.57+7d48d43904
	   |-- fabric-keybindings-v0 0.2.55+df3654b304
	   |-- fabric-lifecycle-events-v1 2.5.4+bf2a60eb04
	   |-- fabric-loot-api-v2 3.0.36+3f89f5a504
	   |-- fabric-loot-api-v3 1.0.24+203e6b2304
	   |-- fabric-message-api-v1 6.0.25+7feeb73304
	   |-- fabric-model-loading-api-v1 4.2.1+8041d50704
	   |-- fabric-networking-api-v1 4.3.10+8998135104
	   |-- fabric-object-builder-api-v1 18.0.11+7d48d43904
	   |-- fabric-particles-v1 4.0.14+7feeb73304
	   |-- fabric-recipe-api-v1 8.0.9+160b66fa04
	   |-- fabric-registry-sync-v0 6.1.7+e359e31604
	   |-- fabric-renderer-api-v1 5.0.3+50f0feb204
	   |-- fabric-renderer-indigo 2.0.3+50f0feb204
	   |-- fabric-rendering-data-attachment-v1 0.3.57+73761d2e04
	   |-- fabric-rendering-fluids-v1 3.1.19+7feeb73304
	   |-- fabric-rendering-v1 10.1.2+b874120c04
	   |-- fabric-resource-conditions-api-v1 5.0.13+203e6b2304
	   |-- fabric-resource-loader-v0 3.0.14+e359e31604
	   |-- fabric-screen-api-v1 2.0.38+7feeb73304
	   |-- fabric-screen-handler-api-v1 1.3.114+7feeb73304
	   |-- fabric-sound-api-v1 1.0.32+7feeb73304
	   |-- fabric-tag-api-v1 1.0.5+7d48d43904
	   |-- fabric-transfer-api-v1 5.4.9+efa825c904
	   \-- fabric-transitive-access-wideners-v1 6.3.2+56e78b9b04
	- fabric-language-kotlin 1.13.1+kotlin.2.1.10
	   |-- org_jetbrains_kotlin_kotlin-reflect 2.1.10
	   |-- org_jetbrains_kotlin_kotlin-stdlib 2.1.10
	   |-- org_jetbrains_kotlin_kotlin-stdlib-jdk7 2.1.10
	   |-- org_jetbrains_kotlin_kotlin-stdlib-jdk8 2.1.10
	   |-- org_jetbrains_kotlinx_atomicfu-jvm 0.27.0
	   |-- org_jetbrains_kotlinx_kotlinx-coroutines-core-jvm 1.10.1
	   |-- org_jetbrains_kotlinx_kotlinx-coroutines-jdk8 1.10.1
	   |-- org_jetbrains_kotlinx_kotlinx-datetime-jvm 0.6.1
	   |-- org_jetbrains_kotlinx_kotlinx-io-bytestring-jvm 0.6.0
	   |-- org_jetbrains_kotlinx_kotlinx-io-core-jvm 0.6.0
	   |-- org_jetbrains_kotlinx_kotlinx-serialization-cbor-jvm 1.8.0
	   |-- org_jetbrains_kotlinx_kotlinx-serialization-core-jvm 1.8.0
	   \-- org_jetbrains_kotlinx_kotlinx-serialization-json-jvm 1.8.0
	- fabricloader 0.16.10
	- fabrishot 1.14.3
	- ferritecore 7.1.1
	- forgeconfigapiport 21.4.1
	   |-- com_electronwill_night-config_core 3.8.1
	   \-- com_electronwill_night-config_toml 3.8.1
	- immediatelyfast 1.3.4+1.21.4
	   \-- net_lenni0451_reflect 1.3.4
	- iris 1.8.5+mc1.21.4
	   |-- io_github_douira_glsl-transformer 2.0.1
	   |-- org_anarres_jcpp 1.4.14
	   \-- org_antlr_antlr4-runtime 4.13.1
	- isxander-main-menu-credits 1.2.0
	- java 21
	- lambdynlights 4.0.1+1.21.4
	   |-- lambdynlights_api 4.0.1+1.21.4
	   |-- pride 1.3.0+1.21.2
	   \-- spruceui 6.2.0+1.21.3
	- languagereload 1.7.2+1.21.4
	- lithium 0.14.7+mc1.21.4
	- minecraft 1.21.4
	- mixintrace 1.1.1+1.17
	- modelfix 1.21.3-1.10
	- modernfix 5.20.2+mc1.21.4
	- modmenu 13.0.1
	   \-- placeholder-api 2.5.1+1.21.3
	- morechathistory 1.3.1
	- moreculling 1.2.3
	   |-- conditional-mixin 0.6.3
	   \-- mixinsquared 0.2.0
	- nochatreports 1.21.4-v2.11.0
	- optigui 2.3.0-beta.7+1.21.2
	   |-- org_apache_commons_commons-text 1.12.0
	   \-- org_ini4j_ini4j 0.5.4
	- paginatedadvancements 2.6.1+1.21.4
	- polytone 1.21.4-3.2.9
	   \-- net_objecthunter_exp4j 0.4.8
	- puzzle 2.0.4
	   \-- midnightlib 1.6.6
	- reeses-sodium-options 1.8.3+mc1.21.4
	- rrls 5.1.0+mc1.21.4-fabric
	- sodium 0.6.6+mc1.21.4
	- sodium-extra 0.6.1+mc1.21.4
	- yet_another_config_lib_v3 3.6.2+1.21.4-fabric
	   |-- com_twelvemonkeys_common_common-image 3.12.0
	   |-- com_twelvemonkeys_common_common-io 3.12.0
	   |-- com_twelvemonkeys_common_common-lang 3.12.0
	   |-- com_twelvemonkeys_imageio_imageio-core 3.12.0
	   |-- com_twelvemonkeys_imageio_imageio-metadata 3.12.0
	   |-- com_twelvemonkeys_imageio_imageio-webp 3.12.0
	   |-- org_quiltmc_parsers_gson 0.2.1
	   \-- org_quiltmc_parsers_json 0.2.1
	- yosbr 0.1.2
	- zoomify 2.14.2+1.21.3
	   \-- com_akuleshov7_ktoml-core-jvm 0.5.2
[18:43:37] [main/INFO]: Applying default options... (YOSBR)
[18:43:38] [main/INFO]: SpongePowered MIXIN Subsystem Version=0.8.7 Source=file:/C:/Users/deonr/AppData/Roaming/ModrinthApp/meta/libraries/net/fabricmc/sponge-mixin/0.15.4+mixin.0.8.7/sponge-mixin-0.15.4+mixin.0.8.7.jar Service=Knot/Fabric Env=CLIENT
[18:43:38] [main/INFO]: Compatibility level set to JAVA_17
[18:43:38] [main/INFO]: Compatibility level set to JAVA_21
[18:43:38] [main/WARN]: Reference map 'forgeconfigapiport.common.refmap.json' for forgeconfigapiport.common.mixins.json could not be read. If this is a development environment you can ignore this message
[18:43:38] [main/WARN]: Reference map 'iris.refmap.json' for mixins.iris.json could not be read. If this is a development environment you can ignore this message
[18:43:38] [main/WARN]: Reference map 'iris-fabric.refmap.json' for mixins.iris.fabric.json could not be read. If this is a development environment you can ignore this message
[18:43:38] [main/WARN]: Reference map 'iris.refmap.json' for iris-batched-entity-rendering.mixins.json could not be read. If this is a development environment you can ignore this message
[18:43:38] [main/WARN]: Reference map 'iris.refmap.json' for mixins.iris.fantastic.json could not be read. If this is a development environment you can ignore this message
[18:43:38] [main/WARN]: Reference map 'iris.refmap.json' for mixins.iris.vertexformat.json could not be read. If this is a development environment you can ignore this message
[18:43:38] [main/WARN]: Reference map 'iris.refmap.json' for mixins.iris.bettermipmaps.json could not be read. If this is a development environment you can ignore this message
[18:43:38] [main/WARN]: Reference map 'iris.refmap.json' for mixins.iris.compat.sodium.json could not be read. If this is a development environment you can ignore this message
[18:43:38] [main/WARN]: Reference map 'iris.refmap.json' for mixins.iris.fixes.maxfpscrash.json could not be read. If this is a development environment you can ignore this message
[18:43:38] [main/WARN]: Mod 'ferritecore' attempted to override option 'mixin.alloc.blockstate', which doesn't exist, ignoring
[18:43:38] [main/INFO]: Loaded configuration file for Lithium: 142 options available, 1 override(s) found
[18:43:39] [main/INFO]: Loaded configuration file for ModernFix 5.20.2+mc1.21.4: 54 options available, 0 override(s) found
[18:43:39] [main/INFO]: Applying Nashorn fix
[18:43:39] [main/INFO]: Loaded configuration file for Sodium: 43 options available, 1 override(s) found
[18:43:39] [main/INFO]: Loaded configuration file for Sodium Extra: 34 options available, 0 override(s) found
[18:43:39] [main/WARN]: Force disabled MC-122477 because it only applies to OS: LINUX
[18:43:39] [main/WARN]: Force disabled MC-22882 because it only applies to OS: MAC
[18:43:39] [main/WARN]: Error loading class: dev/tr7zw/skinlayers/render/CustomizableModelPart (java.lang.ClassNotFoundException: dev/tr7zw/skinlayers/render/CustomizableModelPart)
[18:43:39] [main/WARN]: Error loading class: me/jellysquid/mods/sodium/client/render/immediate/model/EntityRenderer (java.lang.ClassNotFoundException: me/jellysquid/mods/sodium/client/render/immediate/model/EntityRenderer)
[18:43:39] [main/INFO]: Force-enabling mixin 'compat.transfer_api.TransferApiHelperMixin' as rule 'mixin.compat.transfer_api' (added by mods [lithium]) enables it
[18:43:39] [main/WARN]: Force-disabling mixin 'features.render.world.sky.FogRendererMixin' as rule 'mixin.features.render.world.sky' (added by mods [iris]) disables it and children
[18:43:39] [main/WARN]: Force-disabling mixin 'features.render.world.sky.ClientLevelMixin' as rule 'mixin.features.render.world.sky' (added by mods [iris]) disables it and children
[18:43:39] [main/WARN]: Force-disabling mixin 'features.render.world.sky.LevelRendererMixin' as rule 'mixin.features.render.world.sky' (added by mods [iris]) disables it and children
[18:43:40] [main/WARN]: Error loading class: org/jetbrains/annotations/ApiStatus$Internal (java.lang.ClassNotFoundException: org/jetbrains/annotations/ApiStatus$Internal)
[18:43:40] [main/INFO]: Searching for graphics cards...
[18:43:40] [main/INFO]: Found graphics adapter: AdapterInfo{vendor=NVIDIA, description='NVIDIA GeForce RTX 3070', adapterType=0x0000031B, openglIcdFilePath='C:\WINDOWS\System32\DriverStore\FileRepository\nv_dispig.inf_amd64_0afec3f2050014a0\nvoglv64.dll', openglIcdVersion=32.0.15.6094}
[18:43:40] [main/WARN]: Sodium has applied one or more workarounds to prevent crashes or other issues on your system: [NVIDIA_THREADED_OPTIMIZATIONS_BROKEN]
[18:43:40] [main/WARN]: This is not necessarily an issue, but it may result in certain features or optimizations being disabled. You can sometimes fix these issues by upgrading your graphics driver.
[18:43:40] [main/INFO]: Initializing MixinExtras via com.llamalad7.mixinextras.service.MixinExtrasServiceImpl(version=0.5.0-beta.4).
[18:43:42] [Datafixer Bootstrap/INFO]: 243 Datafixer optimizations took 343 milliseconds
[18:43:43] [main/WARN]: Static binding violation: PRIVATE @Overwrite method method_21740 in modernfix-common.mixins.json:perf.remove_biome_temperature_cache.BiomeMixin from mod modernfix cannot reduce visibiliy of PUBLIC target method, visibility will be upgraded.
[18:43:43] [main/WARN]: Method overwrite conflict for method_21740 in modernfix-common.mixins.json:perf.remove_biome_temperature_cache.BiomeMixin from mod modernfix, previously written by net.caffeinemc.mods.lithium.mixin.world.temperature_cache.BiomeMixin. Skipping method.
[18:43:46] [main/INFO]: Vanilla bootstrap took 3901 milliseconds
[18:43:46] [Render thread/INFO]: Environment: Environment[sessionHost=https://sessionserver.mojang.com, servicesHost=https://api.minecraftservices.com, name=PROD]
[18:43:46] [Render thread/INFO]: Setting user: Tekumoto13
[18:43:46] [Render thread/INFO]: Enabled 53 bug fixes: [MC-577, MC-2025, MC-4490, MC-7569, MC-8187, MC-22882, MC-30391, MC-46766, MC-69216, MC-79545, MC-80859, MC-88371, MC-89146, MC-90683, MC-93018, MC-93384, MC-100991, MC-105068, MC-108948, MC-112730, MC-116379, MC-119417, MC-119754, MC-121706, MC-121903, MC-122477, MC-122627, MC-127970, MC-129909, MC-132878, MC-143474, MC-155509, MC-159163, MC-160095, MC-165381, MC-176559, MC-179072, MC-183776, MC-183990, MC-197260, MC-199467, MC-200418, MC-206922, MC-215530, MC-215531, MC-217716, MC-223153, MC-224729, MC-231097, MC-231743, MC-232869, MC-237493, MC-263865]
[18:43:46] [Render thread/INFO]: Successfully Debugify'd your game!
[18:43:47] [Render thread/INFO]: [BetterGrassify] [FANCY] Gamers can finally touch grass!?
[18:43:47] [Render thread/INFO]: Trying to read config file...
[18:43:47] [Render thread/INFO]: A config file was found, loading it..
[18:43:47] [Render thread/INFO]: Successfully loaded config file.
[18:43:47] [Render thread/INFO]: Pre-initializing Controlify...
[18:43:47] [Render thread/INFO]: Caching description for bug MC-577
[18:43:47] [Render thread/INFO]: Caching description for bug MC-2025
[18:43:47] [Render thread/INFO]: Caching description for bug MC-4490
[18:43:47] [Render thread/INFO]: Caching description for bug MC-7569
[18:43:47] [Render thread/INFO]: Caching description for bug MC-8187
[18:43:47] [Render thread/INFO]: Caching description for bug MC-22882
[18:43:47] [Render thread/INFO]: Caching description for bug MC-30391
[18:43:47] [Render thread/INFO]: Caching description for bug MC-46766
[18:43:47] [Render thread/INFO]: Caching description for bug MC-59810
[18:43:47] [Render thread/INFO]: Caching description for bug MC-69216
[18:43:47] [Render thread/INFO]: Caching description for bug MC-79545
[18:43:47] [Render thread/INFO]: Caching description for bug MC-80859
[18:43:47] [Render thread/INFO]: Caching description for bug MC-88371
[18:43:47] [Render thread/INFO]: Caching description for bug MC-89146
[18:43:47] [Render thread/INFO]: Caching description for bug MC-90683
[18:43:47] [Render thread/INFO]: Caching description for bug MC-93018
[18:43:47] [Render thread/INFO]: Caching description for bug MC-93384
[18:43:47] [Render thread/INFO]: Caching description for bug MC-100991
[18:43:47] [Render thread/INFO]: Caching description for bug MC-105068
[18:43:47] [Render thread/INFO]: Caching description for bug MC-108948
[18:43:47] [Render thread/INFO]: Caching description for bug MC-112730
[18:43:47] [Render thread/INFO]: Caching description for bug MC-116379
[18:43:47] [Render thread/INFO]: Caching description for bug MC-119417
[18:43:47] [Render thread/INFO]: Caching description for bug MC-119754
[18:43:47] [Render thread/INFO]: Caching description for bug MC-121706
[18:43:47] [Render thread/INFO]: Caching description for bug MC-121903
[18:43:47] [Render thread/INFO]: Caching description for bug MC-122477
[18:43:47] [Render thread/INFO]: Caching description for bug MC-122627
[18:43:47] [Render thread/INFO]: Caching description for bug MC-127970
[18:43:47] [Render thread/INFO]: Caching description for bug MC-129909
[18:43:47] [Render thread/INFO]: Caching description for bug MC-132878
[18:43:47] [Render thread/INFO]: Caching description for bug MC-143474
[18:43:47] [Render thread/INFO]: Caching description for bug MC-155509
[18:43:47] [Render thread/INFO]: Caching description for bug MC-159163
[18:43:47] [Render thread/INFO]: Caching description for bug MC-160095
[18:43:47] [Render thread/INFO]: Caching description for bug MC-165381
[18:43:47] [Render thread/INFO]: Caching description for bug MC-176559
[18:43:47] [Render thread/INFO]: Caching description for bug MC-179072
[18:43:47] [Render thread/INFO]: Caching description for bug MC-183776
[18:43:47] [Render thread/INFO]: Caching description for bug MC-183990
[18:43:47] [Render thread/INFO]: Caching description for bug MC-197260
[18:43:47] [Render thread/INFO]: Caching description for bug MC-199467
[18:43:47] [Render thread/INFO]: Caching description for bug MC-200418
[18:43:47] [Render thread/INFO]: Caching description for bug MC-206922
[18:43:47] [Render thread/INFO]: Caching description for bug MC-215530
[18:43:47] [Render thread/INFO]: Caching description for bug MC-215531
[18:43:47] [Render thread/INFO]: Caching description for bug MC-217716
[18:43:47] [Render thread/INFO]: Caching description for bug MC-223153
[18:43:47] [Render thread/INFO]: Caching description for bug MC-224729
[18:43:47] [Render thread/INFO]: Caching description for bug MC-231097
[18:43:47] [Render thread/INFO]: Caching description for bug MC-231743
[18:43:47] [Render thread/INFO]: Caching description for bug MC-232869
[18:43:47] [Render thread/INFO]: Caching description for bug MC-237493
[18:43:47] [Render thread/INFO]: Caching description for bug MC-263865
[18:43:47] [Render thread/INFO]: Dynamic FPS 3.7.7 active on Fabric!
[18:43:47] [Render thread/INFO]: Loading Entity Model Features, the ETA is a lie.
[18:43:47] [Render thread/INFO]: [ETF]: 6 new ETF Random Properties registered by entity_model_features.
[18:43:47] [Render thread/INFO]: Loading Entity Texture Features, Lisa needs braces.
[18:43:48] [Render thread/INFO]: [Indigo] Different rendering plugin detected; not applying Indigo.
[18:43:48] [Render thread/INFO]: [LambDynLights] Initializing LambDynamicLights...
[18:43:48] [Render thread/INFO]: [LambDynLights] Configuration loaded.
[18:43:48] [Render thread/INFO]: Loaded config modelfix-client.json
[18:43:48] [Render thread/INFO]: Checking mod updates...
[18:43:48] [Render thread/INFO]: Deserializing YACLConfig from 'C:\Users\deonr\AppData\Roaming\ModrinthApp\profiles\cooking with deon\config\yacl.json5'
[18:43:48] [Worker-Main-1/INFO]: Update available for 'moreculling@1.2.3', (-> 1.2.4)
[18:43:48] [Worker-Main-1/INFO]: Update available for 'sodium@0.6.6+mc1.21.4', (-> mc1.21.4-0.6.7-fabric)
[18:43:48] [Worker-Main-1/INFO]: Update available for 'modernfix@5.20.2+mc1.21.4', (-> 5.20.3+mc1.21.4)
[18:43:48] [Worker-Main-1/INFO]: Update available for 'polytone@1.21.4-3.2.9', (-> 1.21.4-3.2.11)
[18:43:49] [Render thread/INFO]: Backend library: LWJGL version 3.3.3-snapshot
[18:43:49] [Render thread/INFO]: Modifying process environment to apply workarounds for the NVIDIA graphics driver...
[18:43:49] [ForkJoinPool.commonPool-worker-1/WARN]: [Iris Update Check] This version doesn't have an update index, skipping.
[18:43:49] [Render thread/INFO]: OpenGL Vendor: NVIDIA Corporation
[18:43:49] [Render thread/INFO]: OpenGL Renderer: NVIDIA GeForce RTX 3070/PCIe/SSE2
[18:43:49] [Render thread/INFO]: OpenGL Version: 3.2.0 NVIDIA 560.94
[18:43:49] [Render thread/INFO]: Modifying OpenGL context to apply workarounds for the NVIDIA graphics driver...
[18:43:49] [Render thread/INFO]: Enabling GL_DEBUG_OUTPUT_SYNCHRONOUS to force the NVIDIA driver to disable threadedcommand submission
[18:43:49] [Render thread/INFO]: Initializing ImmediatelyFast 1.3.4+1.21.4 on NVIDIA GeForce RTX 3070/PCIe/SSE2 (NVIDIA Corporation) with OpenGL 3.2.0 NVIDIA 560.94
[18:43:49] [Render thread/INFO]: Found Iris/Oculus 1.8.5+mc1.21.4. Enabling compatibility.
[18:43:49] [Render thread/INFO]: Debug functionality is disabled.
[18:43:49] [Render thread/INFO]: ARB_direct_state_access detected, enabling DSA.
[18:43:49] [Render thread/INFO]: Shaders are disabled because no valid shaderpack is selected
[18:43:50] [Render thread/INFO]: Creating new resource manager!
[18:43:50] [Render thread/INFO]: Quick reload listener 'class_1076'
[18:43:50] [Render thread/INFO]: Quick reload listener 'Shader Loader'
[18:43:50] [Render thread/INFO]: Quick reload listener 'class_4008'
[18:43:50] [Render thread/INFO]: Quick reload listener 'class_378'
[18:43:50] [Worker-Main-6/INFO]: Found unifont_all_no_pua-16.0.01.hex, loading
[18:43:50] [Worker-Main-13/INFO]: Found unifont_jp_patch-16.0.01.hex, loading
[18:43:50] [Render thread/INFO]: Quick reload listener 'class_8658'
[18:43:50] [Render thread/INFO]: Hardware information:
[18:43:50] [Render thread/INFO]: CPU: 16x 11th Gen Intel(R) Core(TM) i7-11700F @ 2.50GHz
[18:43:50] [Render thread/INFO]: GPU: NVIDIA GeForce RTX 3070/PCIe/SSE2 (Supports OpenGL 3.2.0 NVIDIA 560.94)
[18:43:50] [Render thread/INFO]: OS: Windows 11 (10.0)
[18:43:50] [Render thread/INFO]: Reloading texture 'minecraft:textures/gui/title/minecraft.png'!
[18:43:50] [Render thread/INFO]: Reloading texture 'minecraft:textures/gui/title/edition.png'!
[18:43:50] [Render thread/INFO]: Reloading texture 'minecraft:textures/gui/title/background/panorama_overlay.png'!
[18:43:50] [Render thread/INFO]: Reloading texture 'minecraft:textures/gui/title/background/panorama_0.png'!
[18:43:50] [Render thread/INFO]: Reloading texture 'minecraft:textures/gui/title/background/panorama_1.png'!
[18:43:50] [Render thread/INFO]: Reloading texture 'minecraft:textures/gui/title/background/panorama_2.png'!
[18:43:50] [Render thread/INFO]: Reloading texture 'minecraft:textures/gui/title/background/panorama_3.png'!
[18:43:50] [Render thread/INFO]: Reloading texture 'minecraft:textures/gui/title/background/panorama_4.png'!
[18:43:50] [Render thread/INFO]: Reloading texture 'minecraft:textures/gui/title/background/panorama_5.png'!
[18:43:51] [Render thread/INFO]: Invalidating pack caches
[18:43:51] [Render thread/INFO]: Reloading ResourceManager: vanilla, fabric, bettergrass, bettermounthud, capes, cloth-config, conditional-mixin, continuity, controlify, cubes-without-borders, debugify, dynamic_fps, e4mc_minecraft, enhancedblockentities, entity_model_features, entity_texture_features, entityculling, fabric-api, fabric-api-base, fabric-api-lookup-api-v1, fabric-biome-api-v1, fabric-block-api-v1, fabric-block-view-api-v2, fabric-blockrenderlayer-v1, fabric-client-tags-api-v1, fabric-command-api-v1, fabric-command-api-v2, fabric-commands-v0, fabric-content-registries-v0, fabric-convention-tags-v1, fabric-convention-tags-v2, fabric-crash-report-info-v1, fabric-data-attachment-api-v1, fabric-data-generation-api-v1, fabric-dimensions-v1, fabric-entity-events-v1, fabric-events-interaction-v0, fabric-game-rule-api-v1, fabric-item-api-v1, fabric-item-group-api-v1, fabric-key-binding-api-v1, fabric-keybindings-v0, fabric-language-kotlin, fabric-lifecycle-events-v1, fabric-loot-api-v2, fabric-loot-api-v3, fabric-message-api-v1, fabric-model-loading-api-v1, fabric-networking-api-v1, fabric-object-builder-api-v1, fabric-particles-v1, fabric-recipe-api-v1, fabric-registry-sync-v0, fabric-renderer-api-v1, fabric-renderer-indigo, fabric-rendering-data-attachment-v1, fabric-rendering-fluids-v1, fabric-rendering-v1, fabric-resource-conditions-api-v1, fabric-resource-loader-v0, fabric-screen-api-v1, fabric-screen-handler-api-v1, fabric-sound-api-v1, fabric-tag-api-v1, fabric-transfer-api-v1, fabric-transitive-access-wideners-v1, fabricloader, fabrishot, forgeconfigapiport, immediatelyfast, iris, lambdynlights, lambdynlights_api, languagereload, lithium, midnightlib, mixintrace, modernfix, modmenu, morechathistory, moreculling, nochatreports, optigui, paginatedadvancements, placeholder-api, polytone, pride, puzzle, reeses-sodium-options, rrls, sodium, sodium-extra, spruceui, yet_another_config_lib_v3, yosbr, zoomify
[18:43:51] [Worker-ResourceReload-0/INFO]: Found unifont_jp_patch-16.0.01.hex, loading
[18:43:51] [Worker-ResourceReload-12/INFO]: Found unifont_all_no_pua-16.0.01.hex, loading
[18:43:51] [ForkJoinPool.commonPool-worker-1/INFO]: Registered 0 extra models
[18:43:51] [Render thread/INFO]: [ETF]: reloading ETF data.
[18:43:51] [Render thread/INFO]: [ETF]: emissive suffixes loaded: {_e}.
[18:43:51] [Render thread/INFO]: [ETF]: emissive suffixes loaded: {_e}.
[18:43:51] [Worker-ResourceReload-4/WARN]: Method overwrite conflict for getCullingBox in sodium-common.mixins.json:core.render.world.EntityRendererAccessor from mod sodium, previously written by dev.tr7zw.entityculling.mixin.EntityRendererMixin. Skipping method.
[18:43:51] [Render thread/INFO]: Creating pipeline for dimension minecraft:overworld
[18:43:51] [Render thread/INFO]: Initializing Controlify...
[18:43:51] [Render thread/INFO]: Loading Controlify config...
[18:43:52] [Render thread/INFO]: [SDL3NativesManager] Loading SDL3 version: 3.1.11. Java bindings targeting: 3.1.9
[18:43:52] [Render thread/WARN]: [SDL3NativesManager] SDL3 NATIVE LIBRARY VERSION MISMATCH! Java bindings are targeting a different version of SDL3 than the loaded native library. This may cause issues.
[18:43:52] [Render thread/INFO]: [SDL3NativesManager] Successfully initialised SDL subsystems
[18:43:52] [Render thread/INFO]: Steam Deck state: NOT_STEAM_DECK
[18:43:52] [Render thread/INFO]: Cached all modded block culling states
[18:43:53] [Render thread/INFO]: Created: 1024x512x0 minecraft:textures/atlas/gui.png-atlas
[18:43:53] [Render thread/INFO]: Finishing Controlify init...
[18:43:53] [Render thread/INFO]: Successfully loaded 531 gamepad mapping entries!
[18:43:53] [Render thread/INFO]: No controllers found.
[18:43:53] [Worker-ResourceReload-6/WARN]: Missing texture references in model minecraft:decorated_pot#cracked=false,facing=west,waterlogged=true:
    particle
[18:43:53] [Worker-ResourceReload-6/WARN]: Missing texture references in model minecraft:decorated_pot#cracked=false,facing=north,waterlogged=false:
    particle
[18:43:53] [Worker-ResourceReload-6/WARN]: Missing texture references in model minecraft:decorated_pot#cracked=true,facing=east,waterlogged=false:
    particle
[18:43:53] [Worker-ResourceReload-6/WARN]: Missing texture references in model minecraft:decorated_pot#cracked=true,facing=south,waterlogged=true:
    particle
[18:43:53] [Render thread/INFO]: OpenAL initialized on device OpenAL Soft on Kopfhörer (CORSAIR HS80 RGB Wireless Gaming Headset)
[18:43:53] [Render thread/INFO]: Sound engine started
[18:43:53] [Render thread/INFO]: Created: 1024x1024x4 minecraft:textures/atlas/blocks.png-atlas
[18:43:53] [Render thread/INFO]: Created: 256x256x4 minecraft:textures/atlas/signs.png-atlas
[18:43:53] [Render thread/INFO]: Created: 512x512x4 minecraft:textures/atlas/banner_patterns.png-atlas
[18:43:53] [Render thread/INFO]: Created: 512x512x4 minecraft:textures/atlas/shield_patterns.png-atlas
[18:43:53] [Render thread/INFO]: Created: 2048x1024x4 minecraft:textures/atlas/armor_trims.png-atlas
[18:43:53] [Render thread/INFO]: Created: 256x256x4 minecraft:textures/atlas/chest.png-atlas
[18:43:53] [Render thread/INFO]: Created: 128x64x4 minecraft:textures/atlas/decorated_pot.png-atlas
[18:43:53] [Render thread/INFO]: Created: 512x256x4 minecraft:textures/atlas/beds.png-atlas
[18:43:53] [Render thread/INFO]: Created: 512x256x4 minecraft:textures/atlas/shulker_boxes.png-atlas
[18:43:53] [Render thread/INFO]: Created: 64x64x0 minecraft:textures/atlas/map_decorations.png-atlas
[18:43:54] [Render thread/INFO]: Created: 512x256x0 minecraft:textures/atlas/particles.png-atlas
[18:43:54] [Render thread/INFO]: Created: 512x256x0 minecraft:textures/atlas/paintings.png-atlas
[18:43:54] [Render thread/INFO]: Created: 256x128x0 minecraft:textures/atlas/mob_effects.png-atlas
[18:43:54] [Render thread/INFO]: Created: 1024x512x0 minecraft:textures/atlas/gui.png-atlas
[18:43:54] [Render thread/INFO]: Successfully loaded image 'zoomify:textures/demo/third-person-hud.webp'
[18:43:54] [Render thread/INFO]: Successfully loaded image 'zoomify:textures/demo/third-person-view.webp'
[18:43:54] [Render thread/INFO]: Successfully loaded image 'zoomify:textures/demo/zoom-hand.webp'
[18:43:54] [Render thread/INFO]: Successfully loaded image 'zoomify:textures/demo/zoom-world.webp'
[18:43:54] [Render thread/INFO]: Successfully loaded image 'bettergrass:textures/images/bettergrassmode.webp'
[18:43:54] [Render thread/INFO]: Successfully loaded image 'controlify:textures/screenshots/reach-around-placement.webp'
[18:43:54] [Render thread/INFO]: Successfully loaded image 'controlify:textures/screenshots/reduce-aim-sensitivity.webp'
[18:43:54] [Render thread/INFO]: Successfully loaded image 'controlify:textures/screenshots/screen-button-guide.webp'
[18:43:54] [Render thread/INFO]: [ETF]: reloading ETF data.
[18:43:54] [Render thread/INFO]: [ETF]: emissive suffixes loaded: {_e}.
[18:43:58] [Render thread/WARN]: Game took 21.983 seconds to start
[18:45:13] [Render thread/WARN]: Missing data pack lunar
[18:45:14] [Render thread/INFO]: Loaded 1370 recipes
[18:45:14] [Render thread/INFO]: Loaded 1481 advancements
[18:45:14] [Render thread/INFO]: Applied 0 biome modifications to 0 of 65 new biomes in 1.412 ms
[18:45:14] [Server thread/INFO]: Starting integrated minecraft server version 1.21.4
[18:45:14] [Server thread/INFO]: Generating keypair
[18:45:15] [Server thread/INFO]: Preparing start region for dimension minecraft:overworld
[18:45:15] [Server thread/WARN]: Method overwrite conflict for removeIf in modernfix-common.mixins.json:bugfix.paper_chunk_patches.SortedArraySetMixin from mod modernfix, previously written by net.caffeinemc.mods.lithium.mixin.collections.chunk_tickets.SortedArraySetMixin. Skipping method.
[18:45:15] [Render thread/INFO]: Preparing spawn area: 0%
[18:45:15] [Render thread/INFO]: Preparing spawn area: 0%
[18:45:16] [Render thread/INFO]: Time elapsed: 927 ms
[18:45:16] [Server thread/INFO]: Changing view distance to 12, from 10
[18:45:16] [Server thread/INFO]: Changing simulation distance to 12, from 0
[18:45:16] [Render thread/INFO]: Registered 17 custom block set types
[18:45:16] [Render thread/INFO]: Loaded 0 Custom Item Models for 0 items
[18:45:16] [Render thread/INFO]: Reloaded Polytone Resources in 4 ms
[18:45:16] [Server thread/INFO]: Tekumoto13[local:E:d2951597] logged in with entity id 31 at (74.58500984689543, 82.71419967249268, 112.98367058937093)
[18:45:16] [Server thread/INFO]: Tekumoto13 joined the game
[18:45:17] [Render thread/INFO]: Reloading pipeline on dimension change: minecraft:overworld => minecraft:overworld
[18:45:17] [Render thread/INFO]: Destroying pipeline minecraft:overworld
[18:45:17] [Render thread/INFO]: Creating pipeline for dimension minecraft:overworld
[18:45:17] [Render thread/INFO]: Started 10 worker threads
[18:45:17] [Render thread/INFO]: Loaded 608 advancements
[18:45:17] [Render thread/WARN]: Time from main menu to in-game was 3.305151 seconds
[18:45:17] [Render thread/WARN]: Total time to load game and open world was 25.28815 seconds
[18:45:28] [Server thread/INFO]: Saving and pausing game...
[18:45:28] [Server thread/INFO]: Saving chunks for level 'ServerLevel[cooking with me :)]'/minecraft:overworld
[18:45:28] [Server thread/INFO]: Saving chunks for level 'ServerLevel[cooking with me :)]'/minecraft:the_end
[18:45:28] [Server thread/INFO]: Saving chunks for level 'ServerLevel[cooking with me :)]'/minecraft:the_nether
[18:45:32] [Render thread/INFO]: Instancing error handler class dev.isxander.debugify.mixinplugin.DebugifyErrorHandler
[18:45:32] [Render thread/WARN]: Mixin apply for mod controlify failed controlify-compat.reeses-sodium-options.mixins.json:SodiumVideoOptionsScreenMixin from mod controlify -> me.flashyreese.mods.reeses_sodium_options.client.gui.SodiumVideoOptionsScreen: org.spongepowered.asm.mixin.injection.throwables.InvalidInjectionException Critical injection failure: @Inject annotation on notifyProcessorRebuild could not find any targets matching 'init' in me/flashyreese/mods/reeses_sodium_options/client/gui/SodiumVideoOptionsScreen. Using refmap controlify-refmap.json [handler$zee000$controlify$notifyProcessorRebuild(Lorg/spongepowered/asm/mixin/injection/callback/CallbackInfo;)V -> Parse ->  -> Validate Targets]
org.spongepowered.asm.mixin.injection.throwables.InvalidInjectionException: Critical injection failure: @Inject annotation on notifyProcessorRebuild could not find any targets matching 'init' in me/flashyreese/mods/reeses_sodium_options/client/gui/SodiumVideoOptionsScreen. Using refmap controlify-refmap.json [handler$zee000$controlify$notifyProcessorRebuild(Lorg/spongepowered/asm/mixin/injection/callback/CallbackInfo;)V -> Parse ->  -> Validate Targets]
	at org.spongepowered.asm.mixin.injection.selectors.TargetSelectors.validate(TargetSelectors.java:346) ~[sponge-mixin-0.15.4+mixin.0.8.7.jar:0.15.4+mixin.0.8.7]
	at org.spongepowered.asm.mixin.injection.struct.InjectionInfo.readAnnotation(InjectionInfo.java:369) ~[sponge-mixin-0.15.4+mixin.0.8.7.jar:0.15.4+mixin.0.8.7]
	at org.spongepowered.asm.mixin.injection.struct.InjectionInfo.<init>(InjectionInfo.java:340) ~[sponge-mixin-0.15.4+mixin.0.8.7.jar:0.15.4+mixin.0.8.7]
	at org.spongepowered.asm.mixin.injection.struct.InjectionInfo.<init>(InjectionInfo.java:331) ~[sponge-mixin-0.15.4+mixin.0.8.7.jar:0.15.4+mixin.0.8.7]
	at org.spongepowered.asm.mixin.injection.struct.CallbackInjectionInfo.<init>(CallbackInjectionInfo.java:48) ~[sponge-mixin-0.15.4+mixin.0.8.7.jar:0.15.4+mixin.0.8.7]
	at java.base/jdk.internal.reflect.DirectConstructorHandleAccessor.newInstance(Unknown Source) ~[?:?]
	at java.base/java.lang.reflect.Constructor.newInstanceWithCaller(Unknown Source) ~[?:?]
	at java.base/java.lang.reflect.Constructor.newInstance(Unknown Source) ~[?:?]
	at org.spongepowered.asm.mixin.injection.struct.InjectionInfo$InjectorEntry.create(InjectionInfo.java:196) ~[sponge-mixin-0.15.4+mixin.0.8.7.jar:0.15.4+mixin.0.8.7]
	at org.spongepowered.asm.mixin.injection.struct.InjectionInfo.parse(InjectionInfo.java:664) ~[sponge-mixin-0.15.4+mixin.0.8.7.jar:0.15.4+mixin.0.8.7]
	at org.spongepowered.asm.mixin.transformer.MixinTargetContext.prepareInjections(MixinTargetContext.java:1399) ~[sponge-mixin-0.15.4+mixin.0.8.7.jar:0.15.4+mixin.0.8.7]
	at org.spongepowered.asm.mixin.transformer.MixinApplicatorStandard.prepareInjections(MixinApplicatorStandard.java:731) ~[sponge-mixin-0.15.4+mixin.0.8.7.jar:0.15.4+mixin.0.8.7]
	at org.spongepowered.asm.mixin.transformer.MixinApplicatorStandard.applyMixin(MixinApplicatorStandard.java:315) ~[sponge-mixin-0.15.4+mixin.0.8.7.jar:0.15.4+mixin.0.8.7]
	at org.spongepowered.asm.mixin.transformer.MixinApplicatorStandard.apply(MixinApplicatorStandard.java:246) ~[sponge-mixin-0.15.4+mixin.0.8.7.jar:0.15.4+mixin.0.8.7]
	at org.spongepowered.asm.mixin.transformer.TargetClassContext.apply(TargetClassContext.java:437) ~[sponge-mixin-0.15.4+mixin.0.8.7.jar:0.15.4+mixin.0.8.7]
	at org.spongepowered.asm.mixin.transformer.TargetClassContext.applyMixins(TargetClassContext.java:418) ~[sponge-mixin-0.15.4+mixin.0.8.7.jar:0.15.4+mixin.0.8.7]
	at org.spongepowered.asm.mixin.transformer.MixinProcessor.applyMixins(MixinProcessor.java:363) ~[sponge-mixin-0.15.4+mixin.0.8.7.jar:0.15.4+mixin.0.8.7]
	at org.spongepowered.asm.mixin.transformer.MixinTransformer.transformClass(MixinTransformer.java:234) ~[sponge-mixin-0.15.4+mixin.0.8.7.jar:0.15.4+mixin.0.8.7]
	at org.spongepowered.asm.mixin.transformer.MixinTransformer.transformClassBytes(MixinTransformer.java:202) ~[sponge-mixin-0.15.4+mixin.0.8.7.jar:0.15.4+mixin.0.8.7]
	at net.fabricmc.loader.impl.launch.knot.KnotClassDelegate.getPostMixinClassByteArray(KnotClassDelegate.java:422) ~[fabric-loader-0.16.10.jar:?]
	at net.fabricmc.loader.impl.launch.knot.KnotClassDelegate.tryLoadClass(KnotClassDelegate.java:323) ~[fabric-loader-0.16.10.jar:?]
	at net.fabricmc.loader.impl.launch.knot.KnotClassDelegate.loadClass(KnotClassDelegate.java:218) ~[fabric-loader-0.16.10.jar:?]
	at net.fabricmc.loader.impl.launch.knot.KnotClassLoader.loadClass(KnotClassLoader.java:119) ~[fabric-loader-0.16.10.jar:?]
	at java.base/java.lang.ClassLoader.loadClass(Unknown Source) ~[?:?]
	at knot/net.minecraft.class_429.handler$djm000$sodium$open(class_429.java:1525) ~[client-intermediary.jar:?]
	at knot/net.minecraft.class_429.method_19828(class_429.java) ~[client-intermediary.jar:?]
	at knot/net.minecraft.class_429.method_47624(class_429.java:171) ~[client-intermediary.jar:?]
	at knot/net.minecraft.class_4185.method_25306(class_4185.java:96) ~[client-intermediary.jar:?]
	at knot/net.minecraft.class_4264.method_25348(class_4264.java:43) ~[client-intermediary.jar:?]
	at knot/net.minecraft.class_339.method_25402(class_339.java:141) ~[client-intermediary.jar:?]
	at knot/net.minecraft.class_4069.method_25402(class_4069.java:43) ~[client-intermediary.jar:?]
	at knot/net.minecraft.class_312.mixinextras$bridge$method_25402$49(class_312.java) ~[client-intermediary.jar:?]
	at knot/net.minecraft.class_312.wrapOperation$bkg000$fabric-screen-api-v1$invokeMouseClickedEvents(class_312.java:2045) ~[client-intermediary.jar:?]
	at knot/net.minecraft.class_312.method_1601(class_312.java:114) ~[client-intermediary.jar:?]
	at knot/net.minecraft.class_312.method_22686(class_312.java:215) ~[client-intermediary.jar:?]
	at knot/net.minecraft.class_1255.execute(class_1255.java:110) ~[client-intermediary.jar:?]
	at knot/net.minecraft.class_312.method_22684(class_312.java:215) ~[client-intermediary.jar:?]
	at knot/org.lwjgl.glfw.GLFWMouseButtonCallbackI.callback(GLFWMouseButtonCallbackI.java:43) [lwjgl-glfw-3.3.3.jar:?]
	at knot/org.lwjgl.system.JNI.invokeV(Native Method) ~[lwjgl-3.3.3.jar:?]
	at knot/org.lwjgl.glfw.GLFW.glfwWaitEventsTimeout(GLFW.java:3509) [lwjgl-glfw-3.3.3.jar:?]
	at knot/com.mojang.blaze3d.systems.RenderSystem.limitDisplayFPS(RenderSystem.java:186) [client-intermediary.jar:?]
	at knot/net.minecraft.class_310.method_1523(class_310.java:1364) [client-intermediary.jar:?]
	at knot/net.minecraft.class_310.method_1514(class_310.java:922) [client-intermediary.jar:?]
	at knot/net.minecraft.client.main.Main.main(Main.java:267) [client-intermediary.jar:?]
	at net.fabricmc.loader.impl.game.minecraft.MinecraftGameProvider.launch(MinecraftGameProvider.java:480) [fabric-loader-0.16.10.jar:?]
	at net.fabricmc.loader.impl.launch.knot.Knot.launch(Knot.java:74) [fabric-loader-0.16.10.jar:?]
	at net.fabricmc.loader.impl.launch.knot.KnotClient.main(KnotClient.java:23) [fabric-loader-0.16.10.jar:?]
[18:45:32] [Render thread/INFO]: Instancing error handler class dev.isxander.debugify.mixinplugin.DebugifyErrorHandler
[18:45:32] [Render thread/WARN]: Mixin apply for mod controlify failed controlify-compat.sodium.mixins.json:FlatButtonWidgetMixin from mod controlify -> net.caffeinemc.mods.sodium.client.gui.widgets.FlatButtonWidget: org.spongepowered.asm.mixin.injection.throwables.InvalidInjectionException Critical injection failure: @ModifyExpressionValue annotation on modifyRenderedLabel could not find any targets matching 'render' in net/caffeinemc/mods/sodium/client/gui/widgets/FlatButtonWidget. Using refmap controlify-refmap.json [modifyExpressionValue$zeg000$controlify$modifyRenderedLabel(Lnet/minecraft/class_2561;)Lnet/minecraft/class_2561; -> Parse ->  -> Validate Targets]
org.spongepowered.asm.mixin.injection.throwables.InvalidInjectionException: Critical injection failure: @ModifyExpressionValue annotation on modifyRenderedLabel could not find any targets matching 'render' in net/caffeinemc/mods/sodium/client/gui/widgets/FlatButtonWidget. Using refmap controlify-refmap.json [modifyExpressionValue$zeg000$controlify$modifyRenderedLabel(Lnet/minecraft/class_2561;)Lnet/minecraft/class_2561; -> Parse ->  -> Validate Targets]
	at org.spongepowered.asm.mixin.injection.selectors.TargetSelectors.validate(TargetSelectors.java:346) ~[sponge-mixin-0.15.4+mixin.0.8.7.jar:0.15.4+mixin.0.8.7]
	at org.spongepowered.asm.mixin.injection.struct.InjectionInfo.readAnnotation(InjectionInfo.java:369) ~[sponge-mixin-0.15.4+mixin.0.8.7.jar:0.15.4+mixin.0.8.7]
	at org.spongepowered.asm.mixin.injection.struct.InjectionInfo.<init>(InjectionInfo.java:340) ~[sponge-mixin-0.15.4+mixin.0.8.7.jar:0.15.4+mixin.0.8.7]
	at org.spongepowered.asm.mixin.injection.struct.InjectionInfo.<init>(InjectionInfo.java:331) ~[sponge-mixin-0.15.4+mixin.0.8.7.jar:0.15.4+mixin.0.8.7]
	at knot/com.llamalad7.mixinextras.injector.MixinExtrasInjectionInfo.<init>(MixinExtrasInjectionInfo.java:10) ~[mixinextras-0.5.0-beta.4-34a130d828e8c3ff.jar:?]
	at knot/com.llamalad7.mixinextras.injector.MixinExtrasLateInjectionInfo.<init>(MixinExtrasLateInjectionInfo.java:15) ~[mixinextras-0.5.0-beta.4-34a130d828e8c3ff.jar:?]
	at knot/com.llamalad7.mixinextras.injector.ModifyExpressionValueInjectionInfo.<init>(ModifyExpressionValueInjectionInfo.java:15) ~[mixinextras-0.5.0-beta.4-34a130d828e8c3ff.jar:?]
	at java.base/jdk.internal.reflect.DirectConstructorHandleAccessor.newInstance(Unknown Source) ~[?:?]
	at java.base/java.lang.reflect.Constructor.newInstanceWithCaller(Unknown Source) ~[?:?]
	at java.base/java.lang.reflect.Constructor.newInstance(Unknown Source) ~[?:?]
	at org.spongepowered.asm.mixin.injection.struct.InjectionInfo$InjectorEntry.create(InjectionInfo.java:196) ~[sponge-mixin-0.15.4+mixin.0.8.7.jar:0.15.4+mixin.0.8.7]
	at org.spongepowered.asm.mixin.injection.struct.InjectionInfo.parse(InjectionInfo.java:664) ~[sponge-mixin-0.15.4+mixin.0.8.7.jar:0.15.4+mixin.0.8.7]
	at org.spongepowered.asm.mixin.transformer.MixinTargetContext.prepareInjections(MixinTargetContext.java:1399) ~[sponge-mixin-0.15.4+mixin.0.8.7.jar:0.15.4+mixin.0.8.7]
	at org.spongepowered.asm.mixin.transformer.MixinApplicatorStandard.prepareInjections(MixinApplicatorStandard.java:731) ~[sponge-mixin-0.15.4+mixin.0.8.7.jar:0.15.4+mixin.0.8.7]
	at org.spongepowered.asm.mixin.transformer.MixinApplicatorStandard.applyMixin(MixinApplicatorStandard.java:315) ~[sponge-mixin-0.15.4+mixin.0.8.7.jar:0.15.4+mixin.0.8.7]
	at org.spongepowered.asm.mixin.transformer.MixinApplicatorStandard.apply(MixinApplicatorStandard.java:246) ~[sponge-mixin-0.15.4+mixin.0.8.7.jar:0.15.4+mixin.0.8.7]
	at org.spongepowered.asm.mixin.transformer.TargetClassContext.apply(TargetClassContext.java:437) ~[sponge-mixin-0.15.4+mixin.0.8.7.jar:0.15.4+mixin.0.8.7]
	at org.spongepowered.asm.mixin.transformer.TargetClassContext.applyMixins(TargetClassContext.java:418) ~[sponge-mixin-0.15.4+mixin.0.8.7.jar:0.15.4+mixin.0.8.7]
	at org.spongepowered.asm.mixin.transformer.MixinProcessor.applyMixins(MixinProcessor.java:363) ~[sponge-mixin-0.15.4+mixin.0.8.7.jar:0.15.4+mixin.0.8.7]
	at org.spongepowered.asm.mixin.transformer.MixinTransformer.transformClass(MixinTransformer.java:234) ~[sponge-mixin-0.15.4+mixin.0.8.7.jar:0.15.4+mixin.0.8.7]
	at org.spongepowered.asm.mixin.transformer.MixinTransformer.transformClassBytes(MixinTransformer.java:202) ~[sponge-mixin-0.15.4+mixin.0.8.7.jar:0.15.4+mixin.0.8.7]
	at net.fabricmc.loader.impl.launch.knot.KnotClassDelegate.getPostMixinClassByteArray(KnotClassDelegate.java:422) ~[fabric-loader-0.16.10.jar:?]
	at net.fabricmc.loader.impl.launch.knot.KnotClassDelegate.tryLoadClass(KnotClassDelegate.java:323) ~[fabric-loader-0.16.10.jar:?]
	at net.fabricmc.loader.impl.launch.knot.KnotClassDelegate.loadClass(KnotClassDelegate.java:218) ~[fabric-loader-0.16.10.jar:?]
	at net.fabricmc.loader.impl.launch.knot.KnotClassLoader.loadClass(KnotClassLoader.java:119) ~[fabric-loader-0.16.10.jar:?]
	at java.base/java.lang.ClassLoader.loadClass(Unknown Source) ~[?:?]
	at knot/net.caffeinemc.mods.sodium.client.gui.SodiumOptionsGUI.rebuildGUIPages(SodiumOptionsGUI.java:208) ~[sodium-fabric-0.6.6+mc1.21.4.jar:?]
	at knot/net.caffeinemc.mods.sodium.client.gui.SodiumOptionsGUI.rebuildGUI(SodiumOptionsGUI.java:163) ~[sodium-fabric-0.6.6+mc1.21.4.jar:?]
	at knot/net.caffeinemc.mods.sodium.client.gui.SodiumOptionsGUI.method_25426(SodiumOptionsGUI.java:142) ~[sodium-fabric-0.6.6+mc1.21.4.jar:?]
	at knot/net.minecraft.class_437.method_25423(class_437.java:308) ~[client-intermediary.jar:?]
	at knot/net.minecraft.class_310.method_1507(class_310.java:1192) ~[client-intermediary.jar:?]
	at knot/net.minecraft.class_429.method_47624(class_429.java:171) ~[client-intermediary.jar:?]
	at knot/net.minecraft.class_4185.method_25306(class_4185.java:96) ~[client-intermediary.jar:?]
	at knot/net.minecraft.class_4264.method_25348(class_4264.java:43) ~[client-intermediary.jar:?]
	at knot/net.minecraft.class_339.method_25402(class_339.java:141) ~[client-intermediary.jar:?]
	at knot/net.minecraft.class_4069.method_25402(class_4069.java:43) ~[client-intermediary.jar:?]
	at knot/net.minecraft.class_312.mixinextras$bridge$method_25402$49(class_312.java) ~[client-intermediary.jar:?]
	at knot/net.minecraft.class_312.wrapOperation$bkg000$fabric-screen-api-v1$invokeMouseClickedEvents(class_312.java:2045) ~[client-intermediary.jar:?]
	at knot/net.minecraft.class_312.method_1601(class_312.java:114) ~[client-intermediary.jar:?]
	at knot/net.minecraft.class_312.method_22686(class_312.java:215) ~[client-intermediary.jar:?]
	at knot/net.minecraft.class_1255.execute(class_1255.java:110) ~[client-intermediary.jar:?]
	at knot/net.minecraft.class_312.method_22684(class_312.java:215) ~[client-intermediary.jar:?]
	at knot/org.lwjgl.glfw.GLFWMouseButtonCallbackI.callback(GLFWMouseButtonCallbackI.java:43) [lwjgl-glfw-3.3.3.jar:?]
	at knot/org.lwjgl.system.JNI.invokeV(Native Method) ~[lwjgl-3.3.3.jar:?]
	at knot/org.lwjgl.glfw.GLFW.glfwWaitEventsTimeout(GLFW.java:3509) [lwjgl-glfw-3.3.3.jar:?]
	at knot/com.mojang.blaze3d.systems.RenderSystem.limitDisplayFPS(RenderSystem.java:186) [client-intermediary.jar:?]
	at knot/net.minecraft.class_310.method_1523(class_310.java:1364) [client-intermediary.jar:?]
	at knot/net.minecraft.class_310.method_1514(class_310.java:922) [client-intermediary.jar:?]
	at knot/net.minecraft.client.main.Main.main(Main.java:267) [client-intermediary.jar:?]
	at net.fabricmc.loader.impl.game.minecraft.MinecraftGameProvider.launch(MinecraftGameProvider.java:480) [fabric-loader-0.16.10.jar:?]
	at net.fabricmc.loader.impl.launch.knot.Knot.launch(Knot.java:74) [fabric-loader-0.16.10.jar:?]
	at net.fabricmc.loader.impl.launch.knot.KnotClient.main(KnotClient.java:23) [fabric-loader-0.16.10.jar:?]
[18:45:40] [Render thread/INFO]: [CHAT] Saved screenshot as 2025-02-10_18.45.40.png
[18:45:42] [Server thread/INFO]: Saving and pausing game...
[18:45:42] [Server thread/INFO]: Saving chunks for level 'ServerLevel[cooking with me :)]'/minecraft:overworld
[18:45:42] [Server thread/INFO]: Saving chunks for level 'ServerLevel[cooking with me :)]'/minecraft:the_end
[18:45:42] [Server thread/INFO]: Saving chunks for level 'ServerLevel[cooking with me :)]'/minecraft:the_nether
[18:45:55] [Render thread/INFO]: Flushed changes to Minecraft configuration
[18:46:05] [Server thread/INFO]: Saving and pausing game...
[18:46:05] [Server thread/INFO]: Saving chunks for level 'ServerLevel[cooking with me :)]'/minecraft:overworld
[18:46:05] [Server thread/INFO]: Saving chunks for level 'ServerLevel[cooking with me :)]'/minecraft:the_end
[18:46:05] [Server thread/INFO]: Saving chunks for level 'ServerLevel[cooking with me :)]'/minecraft:the_nether
[18:46:11] [Render thread/INFO]: Flushed changes to Minecraft configuration
[18:47:11] [Server thread/INFO]: Saving and pausing game...
[18:47:11] [Server thread/INFO]: Saving chunks for level 'ServerLevel[cooking with me :)]'/minecraft:overworld
[18:47:11] [Server thread/INFO]: Saving chunks for level 'ServerLevel[cooking with me :)]'/minecraft:the_end
[18:47:11] [Server thread/INFO]: Saving chunks for level 'ServerLevel[cooking with me :)]'/minecraft:the_nether
[18:47:16] [Render thread/INFO]: Flushed changes to Minecraft configuration
[18:47:28] [Server thread/INFO]: Saving and pausing game...
[18:47:28] [Server thread/INFO]: Saving chunks for level 'ServerLevel[cooking with me :)]'/minecraft:overworld
[18:47:28] [Server thread/INFO]: Saving chunks for level 'ServerLevel[cooking with me :)]'/minecraft:the_end
[18:47:28] [Server thread/INFO]: Saving chunks for level 'ServerLevel[cooking with me :)]'/minecraft:the_nether
[18:47:29] [Server thread/INFO]: Saving and pausing game...
[18:47:29] [Server thread/INFO]: Saving chunks for level 'ServerLevel[cooking with me :)]'/minecraft:overworld
[18:47:29] [Server thread/INFO]: Saving chunks for level 'ServerLevel[cooking with me :)]'/minecraft:the_end
[18:47:29] [Server thread/INFO]: Saving chunks for level 'ServerLevel[cooking with me :)]'/minecraft:the_nether
[18:49:25] [Render thread/INFO]: Loaded 609 advancements
[18:51:36] [Render thread/WARN]: Unable to play empty soundEvent: minecraft:entity.cod.ambient
[18:51:58] [Server thread/INFO]: Saving and pausing game...
[18:51:58] [Server thread/INFO]: Saving chunks for level 'ServerLevel[cooking with me :)]'/minecraft:overworld
[18:51:58] [Server thread/INFO]: Saving chunks for level 'ServerLevel[cooking with me :)]'/minecraft:the_end
[18:51:58] [Server thread/INFO]: Saving chunks for level 'ServerLevel[cooking with me :)]'/minecraft:the_nether
[18:51:59] [Server thread/INFO]: Tekumoto13 lost connection: Disconnected
[18:51:59] [Server thread/INFO]: Tekumoto13 left the game
[18:51:59] [Server thread/INFO]: Stopping singleplayer server as player logged out
[18:51:59] [Server thread/INFO]: Stopping server
[18:51:59] [Server thread/INFO]: Saving players
[18:51:59] [Server thread/INFO]: Saving worlds
[18:51:59] [Server thread/INFO]: Saving chunks for level 'ServerLevel[cooking with me :)]'/minecraft:overworld
[18:51:59] [Server thread/INFO]: Saving chunks for level 'ServerLevel[cooking with me :)]'/minecraft:the_end
[18:51:59] [Server thread/INFO]: Saving chunks for level 'ServerLevel[cooking with me :)]'/minecraft:the_nether
[18:51:59] [Server thread/INFO]: ThreadedAnvilChunkStorage (cooking with me _)): All chunks are saved
[18:51:59] [Server thread/INFO]: ThreadedAnvilChunkStorage (DIM1): All chunks are saved
[18:51:59] [Server thread/INFO]: ThreadedAnvilChunkStorage (DIM-1): All chunks are saved
[18:51:59] [Server thread/INFO]: ThreadedAnvilChunkStorage: All dimensions are saved
[18:51:59] [Render thread/INFO]: Stopping worker threads
[18:51:59] [Render thread/INFO]: [ETF]: emissive suffixes loaded: {_e}.
[18:51:59] [Render thread/INFO]: Stopping!
[18:51:59] [CullThread/INFO]: [STDOUT]: Shutting down culling task!
